<?xml version="1.0" encoding="utf-8"?><testsuites name="pytest tests"><testsuite name="pytest" errors="0" failures="0" skipped="0" tests="21" time="0.297" timestamp="2026-08-08T21:01:02.272141+00:00" hostname="agent-env-58091426-2bd4-44dc-9416-214857a4cf4e"><testcase classname="test_fyers_reconnect.TestFyersCallbackHarness" name="test_harness_runs_clean" time="0.269" /><testcase classname="test_fyers_reconnect.TestFyersCallbackHarness" name="test_individual_check_passed[S1 ORDERING persist -&gt; validate(findUnique) -&gt; redirect]" time="0.000" /><testcase classname="test_fyers_reconnect.TestFyersCallbackHarness" name="test_individual_check_passed[S1 success redirect contains connected=1]" time="0.000" /><testcase classname="test_fyers_reconnect.TestFyersCallbackHarness" name="test_individual_check_passed[S1 loginTime set on create]" time="0.000" /><testcase classname="test_fyers_reconnect.TestFyersCallbackHarness" name="test_individual_check_passed[S1 lastHeartbeat set on create]" time="0.000" /><testcase classname="test_fyers_reconnect.TestFyersCallbackHarness" name="test_individual_check_passed[S2 loginTime REFRESHED on update]" time="0.000" /><testcase classname="test_fyers_reconnect.TestFyersCallbackHarness" name="test_individual_check_passed[S2 lastHeartbeat refreshed on update]" time="0.000" /><testcase classname="test_fyers_reconnect.TestFyersCallbackHarness" name="test_individual_check_passed[S2 userId refreshed on update]" time="0.000" /><testcase classname="test_fyers_reconnect.TestFyersCallbackHarness" name="test_individual_check_passed[S2 token overwritten with new token]" time="0.000" /><testcase classname="test_fyers_reconnect.TestFyersCallbackHarness" name="test_individual_check_passed[S3 failure redirect (no connected=1)]" time="0.000" /><testcase classname="test_fyers_reconnect.TestFyersCallbackHarness" name="test_individual_check_passed[S4 failure redirect on empty access token]" time="0.000" /><testcase classname="test_fyers_reconnect.TestFyersCallbackHarness" name="test_individual_check_passed[S5 failure redirect on missing auth code]" time="0.000" /><testcase classname="test_fyers_reconnect.TestFyersCallbackHarness" name="test_individual_check_passed[S6 failure redirect on missing reconnect context]" time="0.000" /><testcase classname="test_fyers_reconnect.TestFyersCallbackHarness" name="test_individual_check_passed[S7 failure redirect on broker status param]" time="0.000" /><testcase classname="test_fyers_reconnect.TestFyersCallbackHarness" name="test_individual_check_passed[S8 failure redirect on token exchange error]" time="0.000" /><testcase classname="test_fyers_reconnect.TestFyersCallbackHarness" name="test_individual_check_passed[S9 valid row -&gt; ok:true with userId]" time="0.000" /><testcase classname="test_fyers_reconnect.TestFyersCallbackHarness" name="test_individual_check_passed[S10 no success redirect when heartbeat update throws]" time="0.000" /><testcase classname="test_fyers_reconnect.TestFyersSourceInvariants" name="test_success_redirect_only_after_validation" time="0.000" /><testcase classname="test_fyers_reconnect.TestFyersSourceInvariants" name="test_savesession_refreshes_timestamps_on_create_and_update" time="0.000" /><testcase classname="test_fyers_reconnect.TestFyersSourceInvariants" name="test_validation_uses_same_unique_key_as_adapter_factory" time="0.000" /><testcase classname="test_fyers_reconnect.TestNoOtherBrokerFilesChanged" name="test_only_fyers_files_modified" time="0.004" /></testsuite></testsuites>