<?xml version="1.0" encoding="utf-8"?><testsuites name="pytest tests"><testsuite name="pytest" errors="0" failures="0" skipped="0" tests="4" time="0.731" timestamp="2026-08-03T13:01:02.551100+00:00" hostname="agent-env-92bf8f88-ce43-47f3-af0e-9e1fb8897872"><testcase classname="backend.tests.test_oauth_callback_redirect.TestZerodhaCallbackRedirect" name="test_callback_status_failure_redirects" time="0.004" /><testcase classname="backend.tests.test_oauth_callback_redirect.TestZerodhaCallbackRedirect" name="test_callback_missing_token_redirects" time="0.002" /><testcase classname="backend.tests.test_oauth_callback_redirect.TestZerodhaCallbackRedirect" name="test_callback_invalid_token_redirects" time="0.351" /><testcase classname="backend.tests.test_oauth_callback_redirect.TestZerodhaCallbackRedirect" name="test_login_then_callback_invalid_still_redirects" time="0.266" /></testsuite></testsuites>